0 info it worked if it ends with ok
1 verbose cli [ '/usr/local/bin/node',
1 verbose cli   '/usr/local/bin/npm',
1 verbose cli   'install',
1 verbose cli   'node-sqlite3' ]
2 info using npm@2.14.7
3 info using node@v4.2.1
4 verbose install initial load of /Users/Robin/Sites/package.json
5 verbose installManyTop reading scoped package data from /Users/Robin/Sites/node_modules/angular2/package.json
6 verbose installManyTop reading scoped package data from /Users/Robin/Sites/node_modules/babelify/package.json
7 verbose installManyTop reading scoped package data from /Users/Robin/Sites/node_modules/bower/package.json
8 verbose installManyTop reading scoped package data from /Users/Robin/Sites/node_modules/connect-livereload/package.json
9 verbose installManyTop reading scoped package data from /Users/Robin/Sites/node_modules/grunt/package.json
10 verbose installManyTop reading scoped package data from /Users/Robin/Sites/node_modules/grunt-contrib-connect/package.json
11 verbose installManyTop reading scoped package data from /Users/Robin/Sites/node_modules/grunt-contrib-watch/package.json
12 verbose installManyTop reading scoped package data from /Users/Robin/Sites/node_modules/grunt-karma/package.json
13 verbose installManyTop reading scoped package data from /Users/Robin/Sites/node_modules/grunt-open/package.json
14 verbose installManyTop reading scoped package data from /Users/Robin/Sites/node_modules/grunt-shell/package.json
15 verbose installManyTop reading scoped package data from /Users/Robin/Sites/node_modules/gulp/package.json
16 verbose installManyTop reading scoped package data from /Users/Robin/Sites/node_modules/gulp-babel/package.json
17 verbose installManyTop reading scoped package data from /Users/Robin/Sites/node_modules/gulp-browserify/package.json
18 verbose installManyTop reading scoped package data from /Users/Robin/Sites/node_modules/gulp-coffee/package.json
19 verbose installManyTop reading scoped package data from /Users/Robin/Sites/node_modules/gulp-concat/package.json
20 verbose installManyTop reading scoped package data from /Users/Robin/Sites/node_modules/gulp-rename/package.json
21 verbose installManyTop reading scoped package data from /Users/Robin/Sites/node_modules/gulp-sourcemaps/package.json
22 verbose installManyTop reading scoped package data from /Users/Robin/Sites/node_modules/gulp-uglify/package.json
23 verbose installManyTop reading scoped package data from /Users/Robin/Sites/node_modules/gulp-util/package.json
24 verbose installManyTop reading scoped package data from /Users/Robin/Sites/node_modules/karma/package.json
25 verbose installManyTop reading scoped package data from /Users/Robin/Sites/node_modules/karma-chrome-launcher/package.json
26 verbose installManyTop reading scoped package data from /Users/Robin/Sites/node_modules/karma-coffee-preprocessor/package.json
27 verbose installManyTop reading scoped package data from /Users/Robin/Sites/node_modules/karma-firefox-launcher/package.json
28 verbose installManyTop reading scoped package data from /Users/Robin/Sites/node_modules/karma-html2js-preprocessor/package.json
29 verbose installManyTop reading scoped package data from /Users/Robin/Sites/node_modules/karma-jasmine/package.json
30 verbose installManyTop reading scoped package data from /Users/Robin/Sites/node_modules/karma-phantomjs-launcher/package.json
31 verbose installManyTop reading scoped package data from /Users/Robin/Sites/node_modules/karma-requirejs/package.json
32 verbose installManyTop reading scoped package data from /Users/Robin/Sites/node_modules/karma-script-launcher/package.json
33 verbose installManyTop reading scoped package data from /Users/Robin/Sites/node_modules/matchdep/package.json
34 verbose installManyTop reading scoped package data from /Users/Robin/Sites/node_modules/moment/package.json
35 verbose installManyTop reading scoped package data from /Users/Robin/Sites/node_modules/vinyl-buffer/package.json
36 verbose installManyTop reading scoped package data from /Users/Robin/Sites/node_modules/vinyl-source-stream/package.json
37 info package.json grunt@0.4.5 No license field.
38 info package.json gulp-coffee@2.3.1 No license field.
39 info package.json gulp-rename@1.2.2 No license field.
40 info package.json grunt-contrib-watch@0.4.4 No license field.
41 info package.json connect-livereload@0.1.4 No license field.
42 info package.json grunt-contrib-connect@0.2.0 No license field.
43 info package.json grunt-open@0.2.3 No license field.
44 info package.json bower@0.9.2 No license field.
45 info package.json grunt-shell@0.3.1 No license field.
46 info package.json karma@0.10.10 No license field.
47 info package.json moment@2.0.0 No license field.
48 info package.json matchdep@0.1.2 No license field.
49 verbose readDependencies loading dependencies from /Users/Robin/Sites/package.json
50 silly cache add args [ 'node-sqlite3', null ]
51 verbose cache add spec node-sqlite3
52 silly cache add parsed spec Result {
52 silly cache add   raw: 'node-sqlite3',
52 silly cache add   scope: null,
52 silly cache add   name: 'node-sqlite3',
52 silly cache add   rawSpec: '',
52 silly cache add   spec: '*',
52 silly cache add   type: 'range' }
53 silly addNamed node-sqlite3@*
54 verbose addNamed "*" is a valid semver range for node-sqlite3
55 silly addNameRange { name: 'node-sqlite3', range: '*', hasData: false }
56 silly mapToRegistry name node-sqlite3
57 silly mapToRegistry using default registry
58 silly mapToRegistry registry https://registry.npmjs.org/
59 silly mapToRegistry uri https://registry.npmjs.org/node-sqlite3
60 verbose addNameRange registry:https://registry.npmjs.org/node-sqlite3 not in flight; fetching
61 verbose request uri https://registry.npmjs.org/node-sqlite3
62 verbose request no auth needed
63 info attempt registry request try #1 at 13:43:20
64 verbose request id 2e801c8b94199efa
65 http request GET https://registry.npmjs.org/node-sqlite3
66 http 200 https://registry.npmjs.org/node-sqlite3
67 verbose headers { server: 'CouchDB/1.5.0 (Erlang OTP/R16B03)',
67 verbose headers   etag: '"86JW8QC7E2MJYBLJXMLMSI7GT"',
67 verbose headers   'content-type': 'application/json',
67 verbose headers   'cache-control': 'max-age=60',
67 verbose headers   'content-length': '3419',
67 verbose headers   'accept-ranges': 'bytes',
67 verbose headers   date: 'Fri, 23 Oct 2015 11:43:21 GMT',
67 verbose headers   via: '1.1 varnish',
67 verbose headers   age: '0',
67 verbose headers   connection: 'keep-alive',
67 verbose headers   'x-served-by': 'cache-lcy1120-LCY',
67 verbose headers   'x-cache': 'MISS',
67 verbose headers   'x-cache-hits': '0',
67 verbose headers   'x-timer': 'S1445600601.145104,VS0,VE99',
67 verbose headers   vary: 'Accept' }
68 silly get cb [ 200,
68 silly get   { server: 'CouchDB/1.5.0 (Erlang OTP/R16B03)',
68 silly get     etag: '"86JW8QC7E2MJYBLJXMLMSI7GT"',
68 silly get     'content-type': 'application/json',
68 silly get     'cache-control': 'max-age=60',
68 silly get     'content-length': '3419',
68 silly get     'accept-ranges': 'bytes',
68 silly get     date: 'Fri, 23 Oct 2015 11:43:21 GMT',
68 silly get     via: '1.1 varnish',
68 silly get     age: '0',
68 silly get     connection: 'keep-alive',
68 silly get     'x-served-by': 'cache-lcy1120-LCY',
68 silly get     'x-cache': 'MISS',
68 silly get     'x-cache-hits': '0',
68 silly get     'x-timer': 'S1445600601.145104,VS0,VE99',
68 silly get     vary: 'Accept' } ]
69 verbose get saving node-sqlite3 to /Users/Robin/.npm/registry.npmjs.org/node-sqlite3/.cache.json
70 verbose makeDirectory /Users/Robin/.npm creation not in flight; initializing
71 silly makeDirectory /Users/Robin/.npm uid: 501 gid: 20
72 silly addNameRange number 2 { name: 'node-sqlite3', range: '*', hasData: true }
73 silly addNameRange versions [ 'node-sqlite3', [ '0.0.1', '0.0.2', '0.0.3' ] ]
74 silly addNamed node-sqlite3@0.0.3
75 verbose addNamed "0.0.3" is a plain semver version for node-sqlite3
76 silly mapToRegistry name node-sqlite3
77 silly mapToRegistry using default registry
78 silly mapToRegistry registry https://registry.npmjs.org/
79 silly mapToRegistry uri https://registry.npmjs.org/node-sqlite3
80 verbose addRemoteTarball https://registry.npmjs.org/node-sqlite3/-/node-sqlite3-0.0.3.tgz not in flight; adding
81 verbose addRemoteTarball [ 'https://registry.npmjs.org/node-sqlite3/-/node-sqlite3-0.0.3.tgz',
81 verbose addRemoteTarball   'ca8fb3523ddf09aed682df0412cb9bfc0ef2e274' ]
82 info retry fetch attempt 1 at 13:43:21
83 info attempt registry request try #1 at 13:43:21
84 http fetch GET https://registry.npmjs.org/node-sqlite3/-/node-sqlite3-0.0.3.tgz
85 http fetch 200 https://registry.npmjs.org/node-sqlite3/-/node-sqlite3-0.0.3.tgz
86 silly fetchAndShaCheck shasum ca8fb3523ddf09aed682df0412cb9bfc0ef2e274
87 verbose addTmpTarball /tmp/npm-6545-9527d115/registry.npmjs.org/node-sqlite3/-/node-sqlite3-0.0.3.tgz not in flight; adding
88 verbose addTmpTarball already have metadata; skipping unpack for node-sqlite3@0.0.3
89 silly cache afterAdd node-sqlite3@0.0.3
90 verbose afterAdd /Users/Robin/.npm/node-sqlite3/0.0.3/package/package.json not in flight; writing
91 verbose afterAdd /Users/Robin/.npm/node-sqlite3/0.0.3/package/package.json written
92 silly install resolved [ { name: 'node-sqlite3',
92 silly install resolved     version: '0.0.3',
92 silly install resolved     description: 'nodejs sqlite3',
92 silly install resolved     main: 'index.js',
92 silly install resolved     directories: { test: 'test' },
92 silly install resolved     scripts: { test: 'nodeunit test', install: 'node-gyp rebuild' },
92 silly install resolved     repository: { type: 'git', url: 'https://github.com/zhs077/node-sqlite3' },
92 silly install resolved     keywords: [ 'sqlite3' ],
92 silly install resolved     author: { name: 'zhenghuashan' },
92 silly install resolved     license: 'BSD-2-Clause',
92 silly install resolved     gypfile: true,
92 silly install resolved     bugs: { url: 'https://github.com/zhs077/node-sqlite3/issues' },
92 silly install resolved     homepage: 'https://github.com/zhs077/node-sqlite3',
92 silly install resolved     _id: 'node-sqlite3@0.0.3',
92 silly install resolved     _shasum: 'ca8fb3523ddf09aed682df0412cb9bfc0ef2e274',
92 silly install resolved     _from: 'node-sqlite3@*',
92 silly install resolved     _npmVersion: '1.4.9',
92 silly install resolved     _npmUser: { name: 'zhs077', email: 'zheng.huashan@163.com' },
92 silly install resolved     maintainers: [ [Object] ],
92 silly install resolved     dist:
92 silly install resolved      { shasum: 'ca8fb3523ddf09aed682df0412cb9bfc0ef2e274',
92 silly install resolved        tarball: 'http://registry.npmjs.org/node-sqlite3/-/node-sqlite3-0.0.3.tgz' },
92 silly install resolved     _resolved: 'https://registry.npmjs.org/node-sqlite3/-/node-sqlite3-0.0.3.tgz' } ]
93 info install node-sqlite3@0.0.3 into /Users/Robin/Sites
94 info installOne node-sqlite3@0.0.3
95 verbose installOne of node-sqlite3 to /Users/Robin/Sites not in flight; installing
96 verbose makeDirectory /Users/Robin/.npm/_locks creation not in flight; initializing
97 silly makeDirectory /Users/Robin/.npm/_locks uid: 501 gid: 20
98 verbose lock using /Users/Robin/.npm/_locks/node-sqlite3-0185a2b4f833cad5.lock for /Users/Robin/Sites/node_modules/node-sqlite3
99 silly install write writing node-sqlite3 0.0.3 to /Users/Robin/Sites/node_modules/node-sqlite3
100 verbose unbuild node_modules/node-sqlite3
101 silly gentlyRm /Users/Robin/Sites/node_modules/node-sqlite3 is being purged from base /Users/Robin/Sites
102 verbose gentlyRm don't care about contents; nuking /Users/Robin/Sites/node_modules/node-sqlite3
103 verbose tar unpack /Users/Robin/.npm/node-sqlite3/0.0.3/package.tgz
104 verbose tar unpacking to /Users/Robin/Sites/node_modules/node-sqlite3
105 silly gentlyRm /Users/Robin/Sites/node_modules/node-sqlite3 is being purged
106 verbose gentlyRm don't care about contents; nuking /Users/Robin/Sites/node_modules/node-sqlite3
107 silly gunzTarPerm modes [ '755', '644' ]
108 silly gunzTarPerm extractEntry package.json
109 silly gunzTarPerm modified mode [ 'package.json', 438, 420 ]
110 silly gunzTarPerm extractEntry README.md
111 silly gunzTarPerm modified mode [ 'README.md', 438, 420 ]
112 silly gunzTarPerm extractEntry index.js
113 silly gunzTarPerm modified mode [ 'index.js', 438, 420 ]
114 silly gunzTarPerm extractEntry binding.gyp
115 silly gunzTarPerm modified mode [ 'binding.gyp', 438, 420 ]
116 silly gunzTarPerm extractEntry lib/connection.js
117 silly gunzTarPerm modified mode [ 'lib/connection.js', 438, 420 ]
118 silly gunzTarPerm extractEntry lib/node-sqlite.js
119 silly gunzTarPerm modified mode [ 'lib/node-sqlite.js', 438, 420 ]
120 silly gunzTarPerm extractEntry lib/statment.js
121 silly gunzTarPerm modified mode [ 'lib/statment.js', 438, 420 ]
122 silly gunzTarPerm extractEntry src/nodejs/Sqlite3Client.cpp
123 silly gunzTarPerm modified mode [ 'src/nodejs/Sqlite3Client.cpp', 438, 420 ]
124 silly gunzTarPerm extractEntry src/nodejs/ConnJob.h
125 silly gunzTarPerm modified mode [ 'src/nodejs/ConnJob.h', 438, 420 ]
126 silly gunzTarPerm extractEntry src/nodejs/NodeFunction.cpp
127 silly gunzTarPerm modified mode [ 'src/nodejs/NodeFunction.cpp', 438, 420 ]
128 silly gunzTarPerm extractEntry src/nodejs/NodeFunction.h
129 silly gunzTarPerm modified mode [ 'src/nodejs/NodeFunction.h', 438, 420 ]
130 silly gunzTarPerm extractEntry src/nodejs/QueryJob.cc
131 silly gunzTarPerm modified mode [ 'src/nodejs/QueryJob.cc', 438, 420 ]
132 silly gunzTarPerm extractEntry src/nodejs/QueryJob.h
133 silly gunzTarPerm modified mode [ 'src/nodejs/QueryJob.h', 438, 420 ]
134 silly gunzTarPerm extractEntry src/nodejs/ExcuteJob.h
135 silly gunzTarPerm modified mode [ 'src/nodejs/ExcuteJob.h', 438, 420 ]
136 silly gunzTarPerm extractEntry src/nodejs/Sqlite3Client.h
137 silly gunzTarPerm modified mode [ 'src/nodejs/Sqlite3Client.h', 438, 420 ]
138 silly gunzTarPerm extractEntry src/nodejs/Sqlite3Connection.cpp
139 silly gunzTarPerm modified mode [ 'src/nodejs/Sqlite3Connection.cpp', 438, 420 ]
140 silly gunzTarPerm extractEntry src/nodejs/Sqlite3Connection.h
141 silly gunzTarPerm modified mode [ 'src/nodejs/Sqlite3Connection.h', 438, 420 ]
142 silly gunzTarPerm extractEntry src/nodejs/Statement.cpp
143 silly gunzTarPerm modified mode [ 'src/nodejs/Statement.cpp', 438, 420 ]
144 silly gunzTarPerm extractEntry src/nodejs/Statement.h
145 silly gunzTarPerm modified mode [ 'src/nodejs/Statement.h', 438, 420 ]
146 silly gunzTarPerm extractEntry src/sqlite3_encrypt/DbSqlite.cpp
147 silly gunzTarPerm modified mode [ 'src/sqlite3_encrypt/DbSqlite.cpp', 438, 420 ]
148 silly gunzTarPerm extractEntry src/sqlite3_encrypt/DbSqlite.h
149 silly gunzTarPerm modified mode [ 'src/sqlite3_encrypt/DbSqlite.h', 438, 420 ]
150 silly gunzTarPerm extractEntry src/sqlite3_encrypt/platform_config.h
151 silly gunzTarPerm modified mode [ 'src/sqlite3_encrypt/platform_config.h', 438, 420 ]
152 silly gunzTarPerm extractEntry src/sqlite3_encrypt/sqlite3/rijndael.h
153 silly gunzTarPerm modified mode [ 'src/sqlite3_encrypt/sqlite3/rijndael.h', 438, 420 ]
154 silly gunzTarPerm extractEntry src/sqlite3_encrypt/sqlite3/codec.c
155 silly gunzTarPerm modified mode [ 'src/sqlite3_encrypt/sqlite3/codec.c', 438, 420 ]
156 silly gunzTarPerm extractEntry src/sqlite3_encrypt/sqlite3/codecext.c
157 silly gunzTarPerm modified mode [ 'src/sqlite3_encrypt/sqlite3/codecext.c', 438, 420 ]
158 silly gunzTarPerm extractEntry src/sqlite3_encrypt/sqlite3/crypt.c
159 silly gunzTarPerm modified mode [ 'src/sqlite3_encrypt/sqlite3/crypt.c', 438, 420 ]
160 silly gunzTarPerm extractEntry src/sqlite3_encrypt/sqlite3/crypt.h
161 silly gunzTarPerm modified mode [ 'src/sqlite3_encrypt/sqlite3/crypt.h', 438, 420 ]
162 silly gunzTarPerm extractEntry src/sqlite3_encrypt/sqlite3/rijndael.c
163 silly gunzTarPerm modified mode [ 'src/sqlite3_encrypt/sqlite3/rijndael.c', 438, 420 ]
164 silly gunzTarPerm extractEntry src/sqlite3_encrypt/sqlite3/codec.h
165 silly gunzTarPerm modified mode [ 'src/sqlite3_encrypt/sqlite3/codec.h', 438, 420 ]
166 silly gunzTarPerm extractEntry src/sqlite3_encrypt/sqlite3/sha2.c
167 silly gunzTarPerm modified mode [ 'src/sqlite3_encrypt/sqlite3/sha2.c', 438, 420 ]
168 silly gunzTarPerm extractEntry src/sqlite3_encrypt/sqlite3/sha2.h
169 silly gunzTarPerm modified mode [ 'src/sqlite3_encrypt/sqlite3/sha2.h', 438, 420 ]
170 silly gunzTarPerm extractEntry src/sqlite3_encrypt/sqlite3/sqlite3.c
171 silly gunzTarPerm modified mode [ 'src/sqlite3_encrypt/sqlite3/sqlite3.c', 438, 420 ]
172 silly gunzTarPerm extractEntry src/sqlite3_encrypt/sqlite3/sqlite3.h
173 silly gunzTarPerm modified mode [ 'src/sqlite3_encrypt/sqlite3/sqlite3.h', 438, 420 ]
174 silly gunzTarPerm extractEntry src/sqlite3_encrypt/sqlite3/sqlite3ext.h
175 silly gunzTarPerm modified mode [ 'src/sqlite3_encrypt/sqlite3/sqlite3ext.h', 438, 420 ]
176 silly gunzTarPerm extractEntry src/sqlite3_encrypt/sqlite3/sqlite3secure.c
177 silly gunzTarPerm modified mode [ 'src/sqlite3_encrypt/sqlite3/sqlite3secure.c', 438, 420 ]
178 silly gunzTarPerm extractEntry src/sqlite3_encrypt/sqlite3_def.h
179 silly gunzTarPerm modified mode [ 'src/sqlite3_encrypt/sqlite3_def.h', 438, 420 ]
180 silly gunzTarPerm extractEntry src/third_party/CodingConv/encodeutil.cpp
181 silly gunzTarPerm modified mode [ 'src/third_party/CodingConv/encodeutil.cpp', 438, 420 ]
182 silly gunzTarPerm extractEntry src/third_party/CodingConv/encodeutil.h
183 silly gunzTarPerm modified mode [ 'src/third_party/CodingConv/encodeutil.h', 438, 420 ]
184 silly gunzTarPerm extractEntry test/excute.js
185 silly gunzTarPerm modified mode [ 'test/excute.js', 438, 420 ]
186 silly gunzTarPerm extractEntry test/jiami.js
187 silly gunzTarPerm modified mode [ 'test/jiami.js', 438, 420 ]
188 silly gunzTarPerm extractEntry test/query.js
189 silly gunzTarPerm modified mode [ 'test/query.js', 438, 420 ]
190 silly gunzTarPerm extractEntry test/tran.js
191 silly gunzTarPerm modified mode [ 'test/tran.js', 438, 420 ]
192 verbose write writing to /Users/Robin/Sites/node_modules/node-sqlite3/package.json
193 info preinstall node-sqlite3@0.0.3
194 verbose readDependencies loading dependencies from /Users/Robin/Sites/node_modules/node-sqlite3/package.json
195 verbose readDependencies loading dependencies from /Users/Robin/Sites/node_modules/node-sqlite3/package.json
196 silly install resolved []
197 verbose about to build /Users/Robin/Sites/node_modules/node-sqlite3
198 info build /Users/Robin/Sites/node_modules/node-sqlite3
199 info linkStuff node-sqlite3@0.0.3
200 silly linkStuff node-sqlite3@0.0.3 has /Users/Robin/Sites/node_modules as its parent node_modules
201 verbose linkBins node-sqlite3@0.0.3
202 verbose linkMans node-sqlite3@0.0.3
203 verbose rebuildBundles node-sqlite3@0.0.3
204 info install node-sqlite3@0.0.3
205 verbose unsafe-perm in lifecycle false
206 info node-sqlite3@0.0.3 Failed to exec install script
207 verbose unlock done using /Users/Robin/.npm/_locks/node-sqlite3-0185a2b4f833cad5.lock for /Users/Robin/Sites/node_modules/node-sqlite3
208 verbose stack Error: node-sqlite3@0.0.3 install: `node-gyp rebuild`
208 verbose stack Exit status 1
208 verbose stack     at EventEmitter.<anonymous> (/usr/local/lib/node_modules/npm/lib/utils/lifecycle.js:214:16)
208 verbose stack     at emitTwo (events.js:87:13)
208 verbose stack     at EventEmitter.emit (events.js:172:7)
208 verbose stack     at ChildProcess.<anonymous> (/usr/local/lib/node_modules/npm/lib/utils/spawn.js:24:14)
208 verbose stack     at emitTwo (events.js:87:13)
208 verbose stack     at ChildProcess.emit (events.js:172:7)
208 verbose stack     at maybeClose (internal/child_process.js:818:16)
208 verbose stack     at Process.ChildProcess._handle.onexit (internal/child_process.js:211:5)
209 verbose pkgid node-sqlite3@0.0.3
210 verbose cwd /Users/Robin/Sites/epitech/Appcelerator/app/TitaniumWac
211 error Darwin 15.0.0
212 error argv "/usr/local/bin/node" "/usr/local/bin/npm" "install" "node-sqlite3"
213 error node v4.2.1
214 error npm  v2.14.7
215 error code ELIFECYCLE
216 error node-sqlite3@0.0.3 install: `node-gyp rebuild`
216 error Exit status 1
217 error Failed at the node-sqlite3@0.0.3 install script 'node-gyp rebuild'.
217 error This is most likely a problem with the node-sqlite3 package,
217 error not with npm itself.
217 error Tell the author that this fails on your system:
217 error     node-gyp rebuild
217 error You can get their info via:
217 error     npm owner ls node-sqlite3
217 error There is likely additional logging output above.
218 verbose exit [ 1, true ]
219 verbose unbuild node_modules/node-sqlite3
220 info preuninstall node-sqlite3@0.0.3
221 info uninstall node-sqlite3@0.0.3
222 verbose unbuild rmStuff node-sqlite3@0.0.3 from /Users/Robin/Sites/node_modules
223 info postuninstall node-sqlite3@0.0.3
224 silly gentlyRm /Users/Robin/Sites/node_modules/node-sqlite3 is being purged from base /Users/Robin/Sites
225 verbose gentlyRm don't care about contents; nuking /Users/Robin/Sites/node_modules/node-sqlite3
226 silly vacuum-fs purging /Users/Robin/Sites/node_modules/node-sqlite3
227 silly vacuum-fs quitting because other entries in /Users/Robin/Sites/node_modules
